Running: C:\Xilinx\14.7\ISE_DS\ISE\bin\nt64\unwrapped\fuse.exe -intstyle ise -incremental -o C:/Users/wik2kassa/ISE/Microprocessor/MUX3bit_2way_MUX3bit_2way_sch_tb_isim_beh.exe -prj C:/Users/wik2kassa/ISE/Microprocessor/MUX3bit_2way_MUX3bit_2way_sch_tb_beh.prj work.MUX3bit_2way_MUX3bit_2way_sch_tb 
ISim P.20131013 (signature 0x7708f090)
Number of CPUs detected in this system: 8
Turning on mult-threading, number of parallel sub-compilation jobs: 16 
Determining compilation order of HDL files
Parsing VHDL file "C:/Users/wik2kassa/ISE/Microprocessor/MUX3bit_2way.vhf" into library work
Parsing VHDL file "C:/Users/wik2kassa/ISE/Microprocessor/mux32test3.vhd" into library work
Starting static elaboration
Completed static elaboration
Compiling package standard
Compiling package std_logic_1164
Compiling package numeric_std
Compiling package vcomponents
Compiling architecture or2_v of entity OR2 [or2_default]
Compiling architecture and2_v of entity AND2 [and2_default]
Compiling architecture inv_v of entity INV [inv_default]
Compiling architecture behavioral of entity MUX3bit_2way [mux3bit_2way_default]
Compiling architecture behavioral of entity mux3bit_2way_mux3bit_2way_sch_tb
Time Resolution for simulation is 1ps.
Compiled 13 VHDL Units
Built simulation executable C:/Users/wik2kassa/ISE/Microprocessor/MUX3bit_2way_MUX3bit_2way_sch_tb_isim_beh.exe
Fuse Memory Usage: 47312 KB
Fuse CPU Usage: 1653 ms
